<?xml version="1.0" encoding="UTF-8"?>
<!-- Generated by org.testng.reporters.JUnitReportReporter -->
<testsuite skipped="1" hostname="MCKL-20005142" name="com.testscripts.prerequisites.PreRequisite_O2CTransferRuleCreation" tests="1" failures="0" timestamp="25 May 2022 08:58:35 GMT" time="16.683" errors="0">
  <testcase name="Test_O2CTransferRuleCreation" time="16.683" classname="com.testscripts.prerequisites.PreRequisite_O2CTransferRuleCreation">
    <skipped/>
  </testcase> <!-- Test_O2CTransferRuleCreation -->
</testsuite> <!-- com.testscripts.prerequisites.PreRequisite_O2CTransferRuleCreation -->
