<?xml version="1.0" encoding="UTF-8"?>
<!-- Generated by org.testng.reporters.JUnitReportReporter -->
<testsuite skipped="0" hostname="MCKL-20005142" name="com.testscripts.prerequisites.PreRequisite_TCPCreation" tests="5" failures="0" timestamp="25 May 2022 08:58:35 GMT" time="1005.103" errors="0">
  <testcase name="Test_CategoryLevelTransferControlProfileCreation" time="207.161" classname="com.testscripts.prerequisites.PreRequisite_TCPCreation"/>
  <testcase name="Test_CategoryLevelTransferControlProfileCreation" time="202.962" classname="com.testscripts.prerequisites.PreRequisite_TCPCreation"/>
  <testcase name="Test_CategoryLevelTransferControlProfileCreation" time="200.230" classname="com.testscripts.prerequisites.PreRequisite_TCPCreation"/>
  <testcase name="Test_CategoryLevelTransferControlProfileCreation" time="191.744" classname="com.testscripts.prerequisites.PreRequisite_TCPCreation"/>
  <testcase name="Test_CategoryLevelTransferControlProfileCreation" time="203.006" classname="com.testscripts.prerequisites.PreRequisite_TCPCreation"/>
</testsuite> <!-- com.testscripts.prerequisites.PreRequisite_TCPCreation -->
