<?xml version="1.0" encoding="UTF-8"?>
<!-- Generated by org.testng.reporters.JUnitReportReporter -->
<testsuite skipped="0" hostname="MCKL-20005142" name="com.testscripts.prerequisites.UpdateCache" tests="1" failures="0" timestamp="25 May 2022 08:58:35 GMT" time="47.900" errors="0">
  <testcase name="Test_UpdateCache" time="47.900" classname="com.testscripts.prerequisites.UpdateCache"/>
</testsuite> <!-- com.testscripts.prerequisites.UpdateCache -->
