<?xml version="1.0" encoding="UTF-8"?>
<!-- Generated by org.testng.reporters.JUnitReportReporter -->
<testsuite skipped="12" hostname="MCKL-20005142" name="com.testscripts.prerequisites.PreRequisite_C2CTransferRuleCreation" tests="12" failures="0" timestamp="25 May 2022 08:58:35 GMT" time="235.894" errors="0">
  <testcase name="Test_C2CTransferRuleCreation" time="16.569" classname="com.testscripts.prerequisites.PreRequisite_C2CTransferRuleCreation">
    <skipped/>
  </testcase> <!-- Test_C2CTransferRuleCreation -->
  <testcase name="Test_C2CTransferRuleCreation" time="21.239" classname="com.testscripts.prerequisites.PreRequisite_C2CTransferRuleCreation">
    <skipped/>
  </testcase> <!-- Test_C2CTransferRuleCreation -->
  <testcase name="Test_C2CTransferRuleCreation" time="21.298" classname="com.testscripts.prerequisites.PreRequisite_C2CTransferRuleCreation">
    <skipped/>
  </testcase> <!-- Test_C2CTransferRuleCreation -->
  <testcase name="Test_C2CTransferRuleCreation" time="21.165" classname="com.testscripts.prerequisites.PreRequisite_C2CTransferRuleCreation">
    <skipped/>
  </testcase> <!-- Test_C2CTransferRuleCreation -->
  <testcase name="Test_C2CTransferRuleCreation" time="15.330" classname="com.testscripts.prerequisites.PreRequisite_C2CTransferRuleCreation">
    <skipped/>
  </testcase> <!-- Test_C2CTransferRuleCreation -->
  <testcase name="Test_C2CTransferRuleCreation" time="15.216" classname="com.testscripts.prerequisites.PreRequisite_C2CTransferRuleCreation">
    <skipped/>
  </testcase> <!-- Test_C2CTransferRuleCreation -->
  <testcase name="Test_C2CTransferRuleCreation" time="24.879" classname="com.testscripts.prerequisites.PreRequisite_C2CTransferRuleCreation">
    <skipped/>
  </testcase> <!-- Test_C2CTransferRuleCreation -->
  <testcase name="Test_C2CTransferRuleCreation" time="21.487" classname="com.testscripts.prerequisites.PreRequisite_C2CTransferRuleCreation">
    <skipped/>
  </testcase> <!-- Test_C2CTransferRuleCreation -->
  <testcase name="Test_C2CTransferRuleCreation" time="22.410" classname="com.testscripts.prerequisites.PreRequisite_C2CTransferRuleCreation">
    <skipped/>
  </testcase> <!-- Test_C2CTransferRuleCreation -->
  <testcase name="Test_C2CTransferRuleCreation" time="16.482" classname="com.testscripts.prerequisites.PreRequisite_C2CTransferRuleCreation">
    <skipped/>
  </testcase> <!-- Test_C2CTransferRuleCreation -->
  <testcase name="Test_C2CTransferRuleCreation" time="23.570" classname="com.testscripts.prerequisites.PreRequisite_C2CTransferRuleCreation">
    <skipped/>
  </testcase> <!-- Test_C2CTransferRuleCreation -->
  <testcase name="Test_C2CTransferRuleCreation" time="16.249" classname="com.testscripts.prerequisites.PreRequisite_C2CTransferRuleCreation">
    <skipped/>
  </testcase> <!-- Test_C2CTransferRuleCreation -->
</testsuite> <!-- com.testscripts.prerequisites.PreRequisite_C2CTransferRuleCreation -->
