<?xml version="1.0" encoding="UTF-8"?>
<!-- Generated by org.testng.reporters.JUnitReportReporter -->
<testsuite skipped="152" hostname="MCKL-20005142" name="angular.testscripts.prereuisitesangular.PreRequisite_C2CVoucher_Revamp" tests="154" failures="0" timestamp="09 May 2022 05:24:32 GMT" time="41.733" errors="2">
  <testcase name="A_04_Test_C2CVoucherTransferBlankCategoryWithUserName" time="0.001" classname="angular.testscripts.prereuisitesangular.PreRequisite_C2CVoucher_Revamp">
    <skipped/>
  </testcase> <!-- A_04_Test_C2CVoucherTransferBlankCategoryWithUserName -->
  <testcase name="A_17_Test_C2CVoucherTransferBlankDenomination" time="0.001" classname="angular.testscripts.prereuisitesangular.PreRequisite_C2CVoucher_Revamp">
    <skipped/>
  </testcase> <!-- A_17_Test_C2CVoucherTransferBlankDenomination -->
  <testcase name="A_17_Test_C2CVoucherTransferBlankDenomination" time="0.001" classname="angular.testscripts.prereuisitesangular.PreRequisite_C2CVoucher_Revamp">
    <skipped/>
  </testcase> <!-- A_17_Test_C2CVoucherTransferBlankDenomination -->
  <testcase name="A_08_Test_C2CVoucherTransferInvalidMSISDNLength" time="0.001" classname="angular.testscripts.prereuisitesangular.PreRequisite_C2CVoucher_Revamp">
    <skipped/>
  </testcase> <!-- A_08_Test_C2CVoucherTransferInvalidMSISDNLength -->
  <testcase name="A_15_Test_C2CVoucherTransferInvalidFromSerial" time="0.000" classname="angular.testscripts.prereuisitesangular.PreRequisite_C2CVoucher_Revamp">
    <skipped/>
  </testcase> <!-- A_15_Test_C2CVoucherTransferInvalidFromSerial -->
  <testcase name="A_13_Test_C2CVoucherTransferBlankToSerial" time="0.000" classname="angular.testscripts.prereuisitesangular.PreRequisite_C2CVoucher_Revamp">
    <skipped/>
  </testcase> <!-- A_13_Test_C2CVoucherTransferBlankToSerial -->
  <testcase name="A_02_Test_C2CVoucherTransferBlankSearchBuyerName" time="0.001" classname="angular.testscripts.prereuisitesangular.PreRequisite_C2CVoucher_Revamp">
    <skipped/>
  </testcase> <!-- A_02_Test_C2CVoucherTransferBlankSearchBuyerName -->
  <testcase name="A_05_Test_C2CVoucherTransferBlankUserNameWithCategory" time="0.001" classname="angular.testscripts.prereuisitesangular.PreRequisite_C2CVoucher_Revamp">
    <skipped/>
  </testcase> <!-- A_05_Test_C2CVoucherTransferBlankUserNameWithCategory -->
  <testcase name="A_12_Test_C2CVoucherTransferBlankRemarks" time="0.001" classname="angular.testscripts.prereuisitesangular.PreRequisite_C2CVoucher_Revamp">
    <skipped/>
  </testcase> <!-- A_12_Test_C2CVoucherTransferBlankRemarks -->
  <testcase name="A_15_Test_C2CVoucherTransferInvalidFromSerial" time="0.000" classname="angular.testscripts.prereuisitesangular.PreRequisite_C2CVoucher_Revamp">
    <skipped/>
  </testcase> <!-- A_15_Test_C2CVoucherTransferInvalidFromSerial -->
  <testcase name="A_15_Test_C2CVoucherTransferInvalidFromSerial" time="0.001" classname="angular.testscripts.prereuisitesangular.PreRequisite_C2CVoucher_Revamp">
    <skipped/>
  </testcase> <!-- A_15_Test_C2CVoucherTransferInvalidFromSerial -->
  <testcase name="A_12_Test_C2CVoucherTransferBlankRemarks" time="0.001" classname="angular.testscripts.prereuisitesangular.PreRequisite_C2CVoucher_Revamp">
    <skipped/>
  </testcase> <!-- A_12_Test_C2CVoucherTransferBlankRemarks -->
  <testcase name="A_17_Test_C2CVoucherTransferBlankDenomination" time="0.000" classname="angular.testscripts.prereuisitesangular.PreRequisite_C2CVoucher_Revamp">
    <skipped/>
  </testcase> <!-- A_17_Test_C2CVoucherTransferBlankDenomination -->
  <testcase name="A_10_Test_C2CVoucherTransferBlankPaymentDate" time="0.003" classname="angular.testscripts.prereuisitesangular.PreRequisite_C2CVoucher_Revamp">
    <skipped/>
  </testcase> <!-- A_10_Test_C2CVoucherTransferBlankPaymentDate -->
  <testcase name="A_18_Test_C2CVoucherTransferBlankSegment" time="0.000" classname="angular.testscripts.prereuisitesangular.PreRequisite_C2CVoucher_Revamp">
    <skipped/>
  </testcase> <!-- A_18_Test_C2CVoucherTransferBlankSegment -->
  <testcase name="A_06_Test_C2CVoucherTransferBlankCategoryWithLoginID" time="0.001" classname="angular.testscripts.prereuisitesangular.PreRequisite_C2CVoucher_Revamp">
    <skipped/>
  </testcase> <!-- A_06_Test_C2CVoucherTransferBlankCategoryWithLoginID -->
  <testcase name="A_13_Test_C2CVoucherTransferBlankToSerial" time="0.001" classname="angular.testscripts.prereuisitesangular.PreRequisite_C2CVoucher_Revamp">
    <skipped/>
  </testcase> <!-- A_13_Test_C2CVoucherTransferBlankToSerial -->
  <testcase name="A_03_Test_C2CVoucherTransferBlankMSISDNWithBuyerMobile" time="0.000" classname="angular.testscripts.prereuisitesangular.PreRequisite_C2CVoucher_Revamp">
    <skipped/>
  </testcase> <!-- A_03_Test_C2CVoucherTransferBlankMSISDNWithBuyerMobile -->
  <testcase name="A_07_Test_C2CVoucherTransferResetFields" time="0.001" classname="angular.testscripts.prereuisitesangular.PreRequisite_C2CVoucher_Revamp">
    <skipped/>
  </testcase> <!-- A_07_Test_C2CVoucherTransferResetFields -->
  <testcase name="A_01_Test_C2CVoucherTransferandApproval" time="0.000" classname="angular.testscripts.prereuisitesangular.PreRequisite_C2CVoucher_Revamp">
    <skipped/>
  </testcase> <!-- A_01_Test_C2CVoucherTransferandApproval -->
  <testcase name="A_12_Test_C2CVoucherTransferBlankRemarks" time="0.001" classname="angular.testscripts.prereuisitesangular.PreRequisite_C2CVoucher_Revamp">
    <skipped/>
  </testcase> <!-- A_12_Test_C2CVoucherTransferBlankRemarks -->
  <testcase name="A_01_Test_C2CVoucherTransferandApproval" time="0.000" classname="angular.testscripts.prereuisitesangular.PreRequisite_C2CVoucher_Revamp">
    <skipped/>
  </testcase> <!-- A_01_Test_C2CVoucherTransferandApproval -->
  <testcase name="A_18_Test_C2CVoucherTransferBlankSegment" time="0.000" classname="angular.testscripts.prereuisitesangular.PreRequisite_C2CVoucher_Revamp">
    <skipped/>
  </testcase> <!-- A_18_Test_C2CVoucherTransferBlankSegment -->
  <testcase name="A_07_Test_C2CVoucherTransferResetFields" time="0.001" classname="angular.testscripts.prereuisitesangular.PreRequisite_C2CVoucher_Revamp">
    <skipped/>
  </testcase> <!-- A_07_Test_C2CVoucherTransferResetFields -->
  <testcase name="A_15_Test_C2CVoucherTransferInvalidFromSerial" time="0.001" classname="angular.testscripts.prereuisitesangular.PreRequisite_C2CVoucher_Revamp">
    <skipped/>
  </testcase> <!-- A_15_Test_C2CVoucherTransferInvalidFromSerial -->
  <testcase name="A_02_Test_C2CVoucherTransferBlankSearchBuyerName" time="0.001" classname="angular.testscripts.prereuisitesangular.PreRequisite_C2CVoucher_Revamp">
    <skipped/>
  </testcase> <!-- A_02_Test_C2CVoucherTransferBlankSearchBuyerName -->
  <testcase name="A_07_Test_C2CVoucherTransferResetFields" time="0.000" classname="angular.testscripts.prereuisitesangular.PreRequisite_C2CVoucher_Revamp">
    <skipped/>
  </testcase> <!-- A_07_Test_C2CVoucherTransferResetFields -->
  <testcase name="A_02_Test_C2CVoucherTransferBlankSearchBuyerName" time="0.001" classname="angular.testscripts.prereuisitesangular.PreRequisite_C2CVoucher_Revamp">
    <skipped/>
  </testcase> <!-- A_02_Test_C2CVoucherTransferBlankSearchBuyerName -->
  <testcase name="A_07_Test_C2CVoucherTransferResetFields" time="0.000" classname="angular.testscripts.prereuisitesangular.PreRequisite_C2CVoucher_Revamp">
    <skipped/>
  </testcase> <!-- A_07_Test_C2CVoucherTransferResetFields -->
  <testcase name="A_13_Test_C2CVoucherTransferBlankToSerial" time="0.001" classname="angular.testscripts.prereuisitesangular.PreRequisite_C2CVoucher_Revamp">
    <skipped/>
  </testcase> <!-- A_13_Test_C2CVoucherTransferBlankToSerial -->
  <testcase name="A_06_Test_C2CVoucherTransferBlankCategoryWithLoginID" time="0.001" classname="angular.testscripts.prereuisitesangular.PreRequisite_C2CVoucher_Revamp">
    <skipped/>
  </testcase> <!-- A_06_Test_C2CVoucherTransferBlankCategoryWithLoginID -->
  <testcase name="tearDown" time="0.000" classname="angular.testscripts.prereuisitesangular.PreRequisite_C2CVoucher_Revamp">
    <error type="java.lang.NullPointerException">
      <![CDATA[java.lang.NullPointerException
at com.classes.BaseTest.tearDown(BaseTest.java:118)
at sun.reflect.NativeMethodAccessorImpl.invoke0(Native Method)
at sun.reflect.NativeMethodAccessorImpl.invoke(Unknown Source)
at sun.reflect.DelegatingMethodAccessorImpl.invoke(Unknown Source)
at java.lang.reflect.Method.invoke(Unknown Source)
at org.testng.internal.MethodInvocationHelper.invokeMethod(MethodInvocationHelper.java:124)
at org.testng.internal.MethodInvocationHelper.invokeMethodConsideringTimeout(MethodInvocationHelper.java:59)
at org.testng.internal.Invoker.invokeConfigurationMethod(Invoker.java:455)
at org.testng.internal.Invoker.invokeConfigurations(Invoker.java:222)
at org.testng.internal.Invoker.invokeConfigurations(Invoker.java:142)
at org.testng.SuiteRunner.privateRun(SuiteRunner.java:425)
at org.testng.SuiteRunner.run(SuiteRunner.java:364)
at org.testng.SuiteRunnerWorker.runSuite(SuiteRunnerWorker.java:52)
at org.testng.SuiteRunnerWorker.run(SuiteRunnerWorker.java:84)
at org.testng.TestNG.runSuitesSequentially(TestNG.java:1208)
at org.testng.TestNG.runSuitesLocally(TestNG.java:1137)
at org.testng.TestNG.runSuites(TestNG.java:1049)
at org.testng.TestNG.run(TestNG.java:1017)
at org.testng.remote.AbstractRemoteTestNG.run(AbstractRemoteTestNG.java:115)
at org.testng.remote.RemoteTestNG.initAndRun(RemoteTestNG.java:251)
at org.testng.remote.RemoteTestNG.main(RemoteTestNG.java:77)
]]>
    </error>
  </testcase> <!-- tearDown -->
  <testcase name="A_14_Test_C2CVoucherTransferInvalidToSerial" time="0.001" classname="angular.testscripts.prereuisitesangular.PreRequisite_C2CVoucher_Revamp">
    <skipped/>
  </testcase> <!-- A_14_Test_C2CVoucherTransferInvalidToSerial -->
  <testcase name="A_11_Test_C2CVoucherTransferBlankPaymentType" time="0.001" classname="angular.testscripts.prereuisitesangular.PreRequisite_C2CVoucher_Revamp">
    <skipped/>
  </testcase> <!-- A_11_Test_C2CVoucherTransferBlankPaymentType -->
  <testcase name="A_09_Test_C2CVoucherTransferInvalidMSISDN" time="0.001" classname="angular.testscripts.prereuisitesangular.PreRequisite_C2CVoucher_Revamp">
    <skipped/>
  </testcase> <!-- A_09_Test_C2CVoucherTransferInvalidMSISDN -->
  <testcase name="A_01_Test_C2CVoucherTransferandApproval" time="0.000" classname="angular.testscripts.prereuisitesangular.PreRequisite_C2CVoucher_Revamp">
    <skipped/>
  </testcase> <!-- A_01_Test_C2CVoucherTransferandApproval -->
  <testcase name="A_11_Test_C2CVoucherTransferBlankPaymentType" time="0.001" classname="angular.testscripts.prereuisitesangular.PreRequisite_C2CVoucher_Revamp">
    <skipped/>
  </testcase> <!-- A_11_Test_C2CVoucherTransferBlankPaymentType -->
  <testcase name="A_03_Test_C2CVoucherTransferBlankMSISDNWithBuyerMobile" time="0.001" classname="angular.testscripts.prereuisitesangular.PreRequisite_C2CVoucher_Revamp">
    <skipped/>
  </testcase> <!-- A_03_Test_C2CVoucherTransferBlankMSISDNWithBuyerMobile -->
  <testcase name="A_19_Test_C2CVoucherTransferBlankType" time="0.000" classname="angular.testscripts.prereuisitesangular.PreRequisite_C2CVoucher_Revamp">
    <skipped/>
  </testcase> <!-- A_19_Test_C2CVoucherTransferBlankType -->
  <testcase name="A_17_Test_C2CVoucherTransferBlankDenomination" time="0.001" classname="angular.testscripts.prereuisitesangular.PreRequisite_C2CVoucher_Revamp">
    <skipped/>
  </testcase> <!-- A_17_Test_C2CVoucherTransferBlankDenomination -->
  <testcase name="A_16_Test_C2CVoucherTransferBlankFromSerial" time="0.000" classname="angular.testscripts.prereuisitesangular.PreRequisite_C2CVoucher_Revamp">
    <skipped/>
  </testcase> <!-- A_16_Test_C2CVoucherTransferBlankFromSerial -->
  <testcase name="A_08_Test_C2CVoucherTransferInvalidMSISDNLength" time="0.001" classname="angular.testscripts.prereuisitesangular.PreRequisite_C2CVoucher_Revamp">
    <skipped/>
  </testcase> <!-- A_08_Test_C2CVoucherTransferInvalidMSISDNLength -->
  <testcase name="A_01_Test_C2CVoucherTransferandApproval" time="0.000" classname="angular.testscripts.prereuisitesangular.PreRequisite_C2CVoucher_Revamp">
    <skipped/>
  </testcase> <!-- A_01_Test_C2CVoucherTransferandApproval -->
  <testcase name="A_18_Test_C2CVoucherTransferBlankSegment" time="0.001" classname="angular.testscripts.prereuisitesangular.PreRequisite_C2CVoucher_Revamp">
    <skipped/>
  </testcase> <!-- A_18_Test_C2CVoucherTransferBlankSegment -->
  <testcase name="A_08_Test_C2CVoucherTransferInvalidMSISDNLength" time="0.000" classname="angular.testscripts.prereuisitesangular.PreRequisite_C2CVoucher_Revamp">
    <skipped/>
  </testcase> <!-- A_08_Test_C2CVoucherTransferInvalidMSISDNLength -->
  <testcase name="A_16_Test_C2CVoucherTransferBlankFromSerial" time="0.001" classname="angular.testscripts.prereuisitesangular.PreRequisite_C2CVoucher_Revamp">
    <skipped/>
  </testcase> <!-- A_16_Test_C2CVoucherTransferBlankFromSerial -->
  <testcase name="A_02_Test_C2CVoucherTransferBlankSearchBuyerName" time="0.001" classname="angular.testscripts.prereuisitesangular.PreRequisite_C2CVoucher_Revamp">
    <skipped/>
  </testcase> <!-- A_02_Test_C2CVoucherTransferBlankSearchBuyerName -->
  <testcase name="A_01_Test_C2CVoucherTransferandApproval" time="0.000" classname="angular.testscripts.prereuisitesangular.PreRequisite_C2CVoucher_Revamp">
    <skipped/>
  </testcase> <!-- A_01_Test_C2CVoucherTransferandApproval -->
  <testcase name="A_14_Test_C2CVoucherTransferInvalidToSerial" time="0.001" classname="angular.testscripts.prereuisitesangular.PreRequisite_C2CVoucher_Revamp">
    <skipped/>
  </testcase> <!-- A_14_Test_C2CVoucherTransferInvalidToSerial -->
  <testcase name="A_09_Test_C2CVoucherTransferInvalidMSISDN" time="0.000" classname="angular.testscripts.prereuisitesangular.PreRequisite_C2CVoucher_Revamp">
    <skipped/>
  </testcase> <!-- A_09_Test_C2CVoucherTransferInvalidMSISDN -->
  <testcase name="A_19_Test_C2CVoucherTransferBlankType" time="0.001" classname="angular.testscripts.prereuisitesangular.PreRequisite_C2CVoucher_Revamp">
    <skipped/>
  </testcase> <!-- A_19_Test_C2CVoucherTransferBlankType -->
  <testcase name="A_10_Test_C2CVoucherTransferBlankPaymentDate" time="0.001" classname="angular.testscripts.prereuisitesangular.PreRequisite_C2CVoucher_Revamp">
    <skipped/>
  </testcase> <!-- A_10_Test_C2CVoucherTransferBlankPaymentDate -->
  <testcase name="A_04_Test_C2CVoucherTransferBlankCategoryWithUserName" time="0.000" classname="angular.testscripts.prereuisitesangular.PreRequisite_C2CVoucher_Revamp">
    <skipped/>
  </testcase> <!-- A_04_Test_C2CVoucherTransferBlankCategoryWithUserName -->
  <testcase name="A_05_Test_C2CVoucherTransferBlankUserNameWithCategory" time="0.001" classname="angular.testscripts.prereuisitesangular.PreRequisite_C2CVoucher_Revamp">
    <skipped/>
  </testcase> <!-- A_05_Test_C2CVoucherTransferBlankUserNameWithCategory -->
  <testcase name="A_05_Test_C2CVoucherTransferBlankUserNameWithCategory" time="0.000" classname="angular.testscripts.prereuisitesangular.PreRequisite_C2CVoucher_Revamp">
    <skipped/>
  </testcase> <!-- A_05_Test_C2CVoucherTransferBlankUserNameWithCategory -->
  <testcase name="A_03_Test_C2CVoucherTransferBlankMSISDNWithBuyerMobile" time="0.001" classname="angular.testscripts.prereuisitesangular.PreRequisite_C2CVoucher_Revamp">
    <skipped/>
  </testcase> <!-- A_03_Test_C2CVoucherTransferBlankMSISDNWithBuyerMobile -->
  <testcase name="A_10_Test_C2CVoucherTransferBlankPaymentDate" time="0.000" classname="angular.testscripts.prereuisitesangular.PreRequisite_C2CVoucher_Revamp">
    <skipped/>
  </testcase> <!-- A_10_Test_C2CVoucherTransferBlankPaymentDate -->
  <testcase name="A_18_Test_C2CVoucherTransferBlankSegment" time="0.000" classname="angular.testscripts.prereuisitesangular.PreRequisite_C2CVoucher_Revamp">
    <skipped/>
  </testcase> <!-- A_18_Test_C2CVoucherTransferBlankSegment -->
  <testcase name="A_10_Test_C2CVoucherTransferBlankPaymentDate" time="0.000" classname="angular.testscripts.prereuisitesangular.PreRequisite_C2CVoucher_Revamp">
    <skipped/>
  </testcase> <!-- A_10_Test_C2CVoucherTransferBlankPaymentDate -->
  <testcase name="A_14_Test_C2CVoucherTransferInvalidToSerial" time="0.002" classname="angular.testscripts.prereuisitesangular.PreRequisite_C2CVoucher_Revamp">
    <skipped/>
  </testcase> <!-- A_14_Test_C2CVoucherTransferInvalidToSerial -->
  <testcase name="A_05_Test_C2CVoucherTransferBlankUserNameWithCategory" time="0.001" classname="angular.testscripts.prereuisitesangular.PreRequisite_C2CVoucher_Revamp">
    <skipped/>
  </testcase> <!-- A_05_Test_C2CVoucherTransferBlankUserNameWithCategory -->
  <testcase name="A_17_Test_C2CVoucherTransferBlankDenomination" time="0.001" classname="angular.testscripts.prereuisitesangular.PreRequisite_C2CVoucher_Revamp">
    <skipped/>
  </testcase> <!-- A_17_Test_C2CVoucherTransferBlankDenomination -->
  <testcase name="A_11_Test_C2CVoucherTransferBlankPaymentType" time="0.000" classname="angular.testscripts.prereuisitesangular.PreRequisite_C2CVoucher_Revamp">
    <skipped/>
  </testcase> <!-- A_11_Test_C2CVoucherTransferBlankPaymentType -->
  <testcase name="A_11_Test_C2CVoucherTransferBlankPaymentType" time="0.000" classname="angular.testscripts.prereuisitesangular.PreRequisite_C2CVoucher_Revamp">
    <skipped/>
  </testcase> <!-- A_11_Test_C2CVoucherTransferBlankPaymentType -->
  <testcase name="A_13_Test_C2CVoucherTransferBlankToSerial" time="0.001" classname="angular.testscripts.prereuisitesangular.PreRequisite_C2CVoucher_Revamp">
    <skipped/>
  </testcase> <!-- A_13_Test_C2CVoucherTransferBlankToSerial -->
  <testcase name="A_10_Test_C2CVoucherTransferBlankPaymentDate" time="0.001" classname="angular.testscripts.prereuisitesangular.PreRequisite_C2CVoucher_Revamp">
    <skipped/>
  </testcase> <!-- A_10_Test_C2CVoucherTransferBlankPaymentDate -->
  <testcase name="A_08_Test_C2CVoucherTransferInvalidMSISDNLength" time="0.001" classname="angular.testscripts.prereuisitesangular.PreRequisite_C2CVoucher_Revamp">
    <skipped/>
  </testcase> <!-- A_08_Test_C2CVoucherTransferInvalidMSISDNLength -->
  <testcase name="A_03_Test_C2CVoucherTransferBlankMSISDNWithBuyerMobile" time="0.001" classname="angular.testscripts.prereuisitesangular.PreRequisite_C2CVoucher_Revamp">
    <skipped/>
  </testcase> <!-- A_03_Test_C2CVoucherTransferBlankMSISDNWithBuyerMobile -->
  <testcase name="A_11_Test_C2CVoucherTransferBlankPaymentType" time="0.003" classname="angular.testscripts.prereuisitesangular.PreRequisite_C2CVoucher_Revamp">
    <skipped/>
  </testcase> <!-- A_11_Test_C2CVoucherTransferBlankPaymentType -->
  <testcase name="A_18_Test_C2CVoucherTransferBlankSegment" time="0.000" classname="angular.testscripts.prereuisitesangular.PreRequisite_C2CVoucher_Revamp">
    <skipped/>
  </testcase> <!-- A_18_Test_C2CVoucherTransferBlankSegment -->
  <testcase name="A_16_Test_C2CVoucherTransferBlankFromSerial" time="0.001" classname="angular.testscripts.prereuisitesangular.PreRequisite_C2CVoucher_Revamp">
    <skipped/>
  </testcase> <!-- A_16_Test_C2CVoucherTransferBlankFromSerial -->
  <testcase name="A_18_Test_C2CVoucherTransferBlankSegment" time="0.000" classname="angular.testscripts.prereuisitesangular.PreRequisite_C2CVoucher_Revamp">
    <skipped/>
  </testcase> <!-- A_18_Test_C2CVoucherTransferBlankSegment -->
  <testcase name="A_13_Test_C2CVoucherTransferBlankToSerial" time="0.001" classname="angular.testscripts.prereuisitesangular.PreRequisite_C2CVoucher_Revamp">
    <skipped/>
  </testcase> <!-- A_13_Test_C2CVoucherTransferBlankToSerial -->
  <testcase name="A_03_Test_C2CVoucherTransferBlankMSISDNWithBuyerMobile" time="0.001" classname="angular.testscripts.prereuisitesangular.PreRequisite_C2CVoucher_Revamp">
    <skipped/>
  </testcase> <!-- A_03_Test_C2CVoucherTransferBlankMSISDNWithBuyerMobile -->
  <testcase name="A_04_Test_C2CVoucherTransferBlankCategoryWithUserName" time="0.000" classname="angular.testscripts.prereuisitesangular.PreRequisite_C2CVoucher_Revamp">
    <skipped/>
  </testcase> <!-- A_04_Test_C2CVoucherTransferBlankCategoryWithUserName -->
  <testcase name="A_14_Test_C2CVoucherTransferInvalidToSerial" time="0.001" classname="angular.testscripts.prereuisitesangular.PreRequisite_C2CVoucher_Revamp">
    <skipped/>
  </testcase> <!-- A_14_Test_C2CVoucherTransferInvalidToSerial -->
  <testcase name="A_09_Test_C2CVoucherTransferInvalidMSISDN" time="0.001" classname="angular.testscripts.prereuisitesangular.PreRequisite_C2CVoucher_Revamp">
    <skipped/>
  </testcase> <!-- A_09_Test_C2CVoucherTransferInvalidMSISDN -->
  <testcase name="A_06_Test_C2CVoucherTransferBlankCategoryWithLoginID" time="0.000" classname="angular.testscripts.prereuisitesangular.PreRequisite_C2CVoucher_Revamp">
    <skipped/>
  </testcase> <!-- A_06_Test_C2CVoucherTransferBlankCategoryWithLoginID -->
  <testcase name="A_05_Test_C2CVoucherTransferBlankUserNameWithCategory" time="0.001" classname="angular.testscripts.prereuisitesangular.PreRequisite_C2CVoucher_Revamp">
    <skipped/>
  </testcase> <!-- A_05_Test_C2CVoucherTransferBlankUserNameWithCategory -->
  <testcase name="A_09_Test_C2CVoucherTransferInvalidMSISDN" time="0.001" classname="angular.testscripts.prereuisitesangular.PreRequisite_C2CVoucher_Revamp">
    <skipped/>
  </testcase> <!-- A_09_Test_C2CVoucherTransferInvalidMSISDN -->
  <testcase name="A_19_Test_C2CVoucherTransferBlankType" time="0.001" classname="angular.testscripts.prereuisitesangular.PreRequisite_C2CVoucher_Revamp">
    <skipped/>
  </testcase> <!-- A_19_Test_C2CVoucherTransferBlankType -->
  <testcase name="A_09_Test_C2CVoucherTransferInvalidMSISDN" time="0.001" classname="angular.testscripts.prereuisitesangular.PreRequisite_C2CVoucher_Revamp">
    <skipped/>
  </testcase> <!-- A_09_Test_C2CVoucherTransferInvalidMSISDN -->
  <testcase name="A_13_Test_C2CVoucherTransferBlankToSerial" time="0.001" classname="angular.testscripts.prereuisitesangular.PreRequisite_C2CVoucher_Revamp">
    <skipped/>
  </testcase> <!-- A_13_Test_C2CVoucherTransferBlankToSerial -->
  <testcase name="A_19_Test_C2CVoucherTransferBlankType" time="0.001" classname="angular.testscripts.prereuisitesangular.PreRequisite_C2CVoucher_Revamp">
    <skipped/>
  </testcase> <!-- A_19_Test_C2CVoucherTransferBlankType -->
  <testcase name="A_10_Test_C2CVoucherTransferBlankPaymentDate" time="0.001" classname="angular.testscripts.prereuisitesangular.PreRequisite_C2CVoucher_Revamp">
    <skipped/>
  </testcase> <!-- A_10_Test_C2CVoucherTransferBlankPaymentDate -->
  <testcase name="A_17_Test_C2CVoucherTransferBlankDenomination" time="0.001" classname="angular.testscripts.prereuisitesangular.PreRequisite_C2CVoucher_Revamp">
    <skipped/>
  </testcase> <!-- A_17_Test_C2CVoucherTransferBlankDenomination -->
  <testcase name="A_19_Test_C2CVoucherTransferBlankType" time="0.000" classname="angular.testscripts.prereuisitesangular.PreRequisite_C2CVoucher_Revamp">
    <skipped/>
  </testcase> <!-- A_19_Test_C2CVoucherTransferBlankType -->
  <testcase name="A_04_Test_C2CVoucherTransferBlankCategoryWithUserName" time="0.001" classname="angular.testscripts.prereuisitesangular.PreRequisite_C2CVoucher_Revamp">
    <skipped/>
  </testcase> <!-- A_04_Test_C2CVoucherTransferBlankCategoryWithUserName -->
  <testcase name="A_13_Test_C2CVoucherTransferBlankToSerial" time="0.001" classname="angular.testscripts.prereuisitesangular.PreRequisite_C2CVoucher_Revamp">
    <skipped/>
  </testcase> <!-- A_13_Test_C2CVoucherTransferBlankToSerial -->
  <testcase name="A_14_Test_C2CVoucherTransferInvalidToSerial" time="0.000" classname="angular.testscripts.prereuisitesangular.PreRequisite_C2CVoucher_Revamp">
    <skipped/>
  </testcase> <!-- A_14_Test_C2CVoucherTransferInvalidToSerial -->
  <testcase name="A_16_Test_C2CVoucherTransferBlankFromSerial" time="0.001" classname="angular.testscripts.prereuisitesangular.PreRequisite_C2CVoucher_Revamp">
    <skipped/>
  </testcase> <!-- A_16_Test_C2CVoucherTransferBlankFromSerial -->
  <testcase name="A_03_Test_C2CVoucherTransferBlankMSISDNWithBuyerMobile" time="0.000" classname="angular.testscripts.prereuisitesangular.PreRequisite_C2CVoucher_Revamp">
    <skipped/>
  </testcase> <!-- A_03_Test_C2CVoucherTransferBlankMSISDNWithBuyerMobile -->
  <testcase name="A_05_Test_C2CVoucherTransferBlankUserNameWithCategory" time="0.005" classname="angular.testscripts.prereuisitesangular.PreRequisite_C2CVoucher_Revamp">
    <skipped/>
  </testcase> <!-- A_05_Test_C2CVoucherTransferBlankUserNameWithCategory -->
  <testcase name="A_15_Test_C2CVoucherTransferInvalidFromSerial" time="0.001" classname="angular.testscripts.prereuisitesangular.PreRequisite_C2CVoucher_Revamp">
    <skipped/>
  </testcase> <!-- A_15_Test_C2CVoucherTransferInvalidFromSerial -->
  <testcase name="A_14_Test_C2CVoucherTransferInvalidToSerial" time="0.000" classname="angular.testscripts.prereuisitesangular.PreRequisite_C2CVoucher_Revamp">
    <skipped/>
  </testcase> <!-- A_14_Test_C2CVoucherTransferInvalidToSerial -->
  <testcase name="A_12_Test_C2CVoucherTransferBlankRemarks" time="0.001" classname="angular.testscripts.prereuisitesangular.PreRequisite_C2CVoucher_Revamp">
    <skipped/>
  </testcase> <!-- A_12_Test_C2CVoucherTransferBlankRemarks -->
  <testcase name="A_18_Test_C2CVoucherTransferBlankSegment" time="0.001" classname="angular.testscripts.prereuisitesangular.PreRequisite_C2CVoucher_Revamp">
    <skipped/>
  </testcase> <!-- A_18_Test_C2CVoucherTransferBlankSegment -->
  <testcase name="setupReporter" time="41.621" classname="angular.testscripts.prereuisitesangular.PreRequisite_C2CVoucher_Revamp">
    <error type="java.lang.IllegalArgumentException" message="The Object passed in should not be null.">
      <![CDATA[java.lang.IllegalArgumentException: The Object passed in should not be null.
at org.apache.commons.lang3.Validate.isTrue(Validate.java:158)
at org.apache.commons.lang3.builder.ReflectionToStringBuilder.checkNotNull(ReflectionToStringBuilder.java:426)
at org.apache.commons.lang3.builder.ReflectionToStringBuilder.<init>(ReflectionToStringBuilder.java:543)
at org.apache.commons.lang3.builder.ReflectionToStringBuilder.toString(ReflectionToStringBuilder.java:301)
at org.apache.commons.lang3.builder.ReflectionToStringBuilder.toString(ReflectionToStringBuilder.java:124)
at org.apache.commons.lang3.builder.ToStringBuilder.reflectionToString(ToStringBuilder.java:150)
at com.utils.Log.info(Log.java:103)
at com.dbrepository.PostGreSQLRepository.getGatewayDetails(PostGreSQLRepository.java:7252)
at com.utils._masterVO.loadGatewayDetails(_masterVO.java:392)
at com.utils._masterVO.loadExternalServices(_masterVO.java:442)
at com.utils._masterVO.loadVO(_masterVO.java:81)
at com.classes.BaseTest.setupReporter(BaseTest.java:85)
at sun.reflect.NativeMethodAccessorImpl.invoke0(Native Method)
at sun.reflect.NativeMethodAccessorImpl.invoke(Unknown Source)
at sun.reflect.DelegatingMethodAccessorImpl.invoke(Unknown Source)
at java.lang.reflect.Method.invoke(Unknown Source)
at org.testng.internal.MethodInvocationHelper.invokeMethod(MethodInvocationHelper.java:124)
at org.testng.internal.MethodInvocationHelper.invokeMethodConsideringTimeout(MethodInvocationHelper.java:59)
at org.testng.internal.Invoker.invokeConfigurationMethod(Invoker.java:455)
at org.testng.internal.Invoker.invokeConfigurations(Invoker.java:222)
at org.testng.internal.Invoker.invokeConfigurations(Invoker.java:142)
at org.testng.SuiteRunner.privateRun(SuiteRunner.java:401)
at org.testng.SuiteRunner.run(SuiteRunner.java:364)
at org.testng.SuiteRunnerWorker.runSuite(SuiteRunnerWorker.java:52)
at org.testng.SuiteRunnerWorker.run(SuiteRunnerWorker.java:84)
at org.testng.TestNG.runSuitesSequentially(TestNG.java:1208)
at org.testng.TestNG.runSuitesLocally(TestNG.java:1137)
at org.testng.TestNG.runSuites(TestNG.java:1049)
at org.testng.TestNG.run(TestNG.java:1017)
at org.testng.remote.AbstractRemoteTestNG.run(AbstractRemoteTestNG.java:115)
at org.testng.remote.RemoteTestNG.initAndRun(RemoteTestNG.java:251)
at org.testng.remote.RemoteTestNG.main(RemoteTestNG.java:77)
]]>
    </error>
  </testcase> <!-- setupReporter -->
  <testcase name="A_02_Test_C2CVoucherTransferBlankSearchBuyerName" time="0.000" classname="angular.testscripts.prereuisitesangular.PreRequisite_C2CVoucher_Revamp">
    <skipped/>
  </testcase> <!-- A_02_Test_C2CVoucherTransferBlankSearchBuyerName -->
  <testcase name="A_09_Test_C2CVoucherTransferInvalidMSISDN" time="0.001" classname="angular.testscripts.prereuisitesangular.PreRequisite_C2CVoucher_Revamp">
    <skipped/>
  </testcase> <!-- A_09_Test_C2CVoucherTransferInvalidMSISDN -->
  <testcase name="A_08_Test_C2CVoucherTransferInvalidMSISDNLength" time="0.000" classname="angular.testscripts.prereuisitesangular.PreRequisite_C2CVoucher_Revamp">
    <skipped/>
  </testcase> <!-- A_08_Test_C2CVoucherTransferInvalidMSISDNLength -->
  <testcase name="A_06_Test_C2CVoucherTransferBlankCategoryWithLoginID" time="0.001" classname="angular.testscripts.prereuisitesangular.PreRequisite_C2CVoucher_Revamp">
    <skipped/>
  </testcase> <!-- A_06_Test_C2CVoucherTransferBlankCategoryWithLoginID -->
  <testcase name="A_05_Test_C2CVoucherTransferBlankUserNameWithCategory" time="0.000" classname="angular.testscripts.prereuisitesangular.PreRequisite_C2CVoucher_Revamp">
    <skipped/>
  </testcase> <!-- A_05_Test_C2CVoucherTransferBlankUserNameWithCategory -->
  <testcase name="A_16_Test_C2CVoucherTransferBlankFromSerial" time="0.000" classname="angular.testscripts.prereuisitesangular.PreRequisite_C2CVoucher_Revamp">
    <skipped/>
  </testcase> <!-- A_16_Test_C2CVoucherTransferBlankFromSerial -->
  <testcase name="A_17_Test_C2CVoucherTransferBlankDenomination" time="0.001" classname="angular.testscripts.prereuisitesangular.PreRequisite_C2CVoucher_Revamp">
    <skipped/>
  </testcase> <!-- A_17_Test_C2CVoucherTransferBlankDenomination -->
  <testcase name="A_11_Test_C2CVoucherTransferBlankPaymentType" time="0.001" classname="angular.testscripts.prereuisitesangular.PreRequisite_C2CVoucher_Revamp">
    <skipped/>
  </testcase> <!-- A_11_Test_C2CVoucherTransferBlankPaymentType -->
  <testcase name="A_06_Test_C2CVoucherTransferBlankCategoryWithLoginID" time="0.002" classname="angular.testscripts.prereuisitesangular.PreRequisite_C2CVoucher_Revamp">
    <skipped/>
  </testcase> <!-- A_06_Test_C2CVoucherTransferBlankCategoryWithLoginID -->
  <testcase name="A_12_Test_C2CVoucherTransferBlankRemarks" time="0.001" classname="angular.testscripts.prereuisitesangular.PreRequisite_C2CVoucher_Revamp">
    <skipped/>
  </testcase> <!-- A_12_Test_C2CVoucherTransferBlankRemarks -->
  <testcase name="A_12_Test_C2CVoucherTransferBlankRemarks" time="0.001" classname="angular.testscripts.prereuisitesangular.PreRequisite_C2CVoucher_Revamp">
    <skipped/>
  </testcase> <!-- A_12_Test_C2CVoucherTransferBlankRemarks -->
  <testcase name="A_15_Test_C2CVoucherTransferInvalidFromSerial" time="0.001" classname="angular.testscripts.prereuisitesangular.PreRequisite_C2CVoucher_Revamp">
    <skipped/>
  </testcase> <!-- A_15_Test_C2CVoucherTransferInvalidFromSerial -->
  <testcase name="A_08_Test_C2CVoucherTransferInvalidMSISDNLength" time="0.001" classname="angular.testscripts.prereuisitesangular.PreRequisite_C2CVoucher_Revamp">
    <skipped/>
  </testcase> <!-- A_08_Test_C2CVoucherTransferInvalidMSISDNLength -->
  <testcase name="A_11_Test_C2CVoucherTransferBlankPaymentType" time="0.000" classname="angular.testscripts.prereuisitesangular.PreRequisite_C2CVoucher_Revamp">
    <skipped/>
  </testcase> <!-- A_11_Test_C2CVoucherTransferBlankPaymentType -->
  <testcase name="A_03_Test_C2CVoucherTransferBlankMSISDNWithBuyerMobile" time="0.001" classname="angular.testscripts.prereuisitesangular.PreRequisite_C2CVoucher_Revamp">
    <skipped/>
  </testcase> <!-- A_03_Test_C2CVoucherTransferBlankMSISDNWithBuyerMobile -->
  <testcase name="A_16_Test_C2CVoucherTransferBlankFromSerial" time="0.001" classname="angular.testscripts.prereuisitesangular.PreRequisite_C2CVoucher_Revamp">
    <skipped/>
  </testcase> <!-- A_16_Test_C2CVoucherTransferBlankFromSerial -->
  <testcase name="A_16_Test_C2CVoucherTransferBlankFromSerial" time="0.001" classname="angular.testscripts.prereuisitesangular.PreRequisite_C2CVoucher_Revamp">
    <skipped/>
  </testcase> <!-- A_16_Test_C2CVoucherTransferBlankFromSerial -->
  <testcase name="A_01_Test_C2CVoucherTransferandApproval" time="0.000" classname="angular.testscripts.prereuisitesangular.PreRequisite_C2CVoucher_Revamp">
    <skipped/>
  </testcase> <!-- A_01_Test_C2CVoucherTransferandApproval -->
  <testcase name="A_12_Test_C2CVoucherTransferBlankRemarks" time="0.001" classname="angular.testscripts.prereuisitesangular.PreRequisite_C2CVoucher_Revamp">
    <skipped/>
  </testcase> <!-- A_12_Test_C2CVoucherTransferBlankRemarks -->
  <testcase name="A_13_Test_C2CVoucherTransferBlankToSerial" time="0.001" classname="angular.testscripts.prereuisitesangular.PreRequisite_C2CVoucher_Revamp">
    <skipped/>
  </testcase> <!-- A_13_Test_C2CVoucherTransferBlankToSerial -->
  <testcase name="A_16_Test_C2CVoucherTransferBlankFromSerial" time="0.001" classname="angular.testscripts.prereuisitesangular.PreRequisite_C2CVoucher_Revamp">
    <skipped/>
  </testcase> <!-- A_16_Test_C2CVoucherTransferBlankFromSerial -->
  <testcase name="A_19_Test_C2CVoucherTransferBlankType" time="0.000" classname="angular.testscripts.prereuisitesangular.PreRequisite_C2CVoucher_Revamp">
    <skipped/>
  </testcase> <!-- A_19_Test_C2CVoucherTransferBlankType -->
  <testcase name="A_01_Test_C2CVoucherTransferandApproval" time="0.001" classname="angular.testscripts.prereuisitesangular.PreRequisite_C2CVoucher_Revamp">
    <skipped/>
  </testcase> <!-- A_01_Test_C2CVoucherTransferandApproval -->
  <testcase name="A_02_Test_C2CVoucherTransferBlankSearchBuyerName" time="0.000" classname="angular.testscripts.prereuisitesangular.PreRequisite_C2CVoucher_Revamp">
    <skipped/>
  </testcase> <!-- A_02_Test_C2CVoucherTransferBlankSearchBuyerName -->
  <testcase name="A_09_Test_C2CVoucherTransferInvalidMSISDN" time="0.000" classname="angular.testscripts.prereuisitesangular.PreRequisite_C2CVoucher_Revamp">
    <skipped/>
  </testcase> <!-- A_09_Test_C2CVoucherTransferInvalidMSISDN -->
  <testcase name="A_09_Test_C2CVoucherTransferInvalidMSISDN" time="0.001" classname="angular.testscripts.prereuisitesangular.PreRequisite_C2CVoucher_Revamp">
    <skipped/>
  </testcase> <!-- A_09_Test_C2CVoucherTransferInvalidMSISDN -->
  <testcase name="A_06_Test_C2CVoucherTransferBlankCategoryWithLoginID" time="0.001" classname="angular.testscripts.prereuisitesangular.PreRequisite_C2CVoucher_Revamp">
    <skipped/>
  </testcase> <!-- A_06_Test_C2CVoucherTransferBlankCategoryWithLoginID -->
  <testcase name="A_10_Test_C2CVoucherTransferBlankPaymentDate" time="0.001" classname="angular.testscripts.prereuisitesangular.PreRequisite_C2CVoucher_Revamp">
    <skipped/>
  </testcase> <!-- A_10_Test_C2CVoucherTransferBlankPaymentDate -->
  <testcase name="A_19_Test_C2CVoucherTransferBlankType" time="0.000" classname="angular.testscripts.prereuisitesangular.PreRequisite_C2CVoucher_Revamp">
    <skipped/>
  </testcase> <!-- A_19_Test_C2CVoucherTransferBlankType -->
  <testcase name="A_04_Test_C2CVoucherTransferBlankCategoryWithUserName" time="0.001" classname="angular.testscripts.prereuisitesangular.PreRequisite_C2CVoucher_Revamp">
    <skipped/>
  </testcase> <!-- A_04_Test_C2CVoucherTransferBlankCategoryWithUserName -->
  <testcase name="A_14_Test_C2CVoucherTransferInvalidToSerial" time="0.000" classname="angular.testscripts.prereuisitesangular.PreRequisite_C2CVoucher_Revamp">
    <skipped/>
  </testcase> <!-- A_14_Test_C2CVoucherTransferInvalidToSerial -->
  <testcase name="A_02_Test_C2CVoucherTransferBlankSearchBuyerName" time="0.001" classname="angular.testscripts.prereuisitesangular.PreRequisite_C2CVoucher_Revamp">
    <skipped/>
  </testcase> <!-- A_02_Test_C2CVoucherTransferBlankSearchBuyerName -->
  <testcase name="A_06_Test_C2CVoucherTransferBlankCategoryWithLoginID" time="0.002" classname="angular.testscripts.prereuisitesangular.PreRequisite_C2CVoucher_Revamp">
    <skipped/>
  </testcase> <!-- A_06_Test_C2CVoucherTransferBlankCategoryWithLoginID -->
  <testcase name="A_03_Test_C2CVoucherTransferBlankMSISDNWithBuyerMobile" time="0.001" classname="angular.testscripts.prereuisitesangular.PreRequisite_C2CVoucher_Revamp">
    <skipped/>
  </testcase> <!-- A_03_Test_C2CVoucherTransferBlankMSISDNWithBuyerMobile -->
  <testcase name="A_04_Test_C2CVoucherTransferBlankCategoryWithUserName" time="0.000" classname="angular.testscripts.prereuisitesangular.PreRequisite_C2CVoucher_Revamp">
    <skipped/>
  </testcase> <!-- A_04_Test_C2CVoucherTransferBlankCategoryWithUserName -->
  <testcase name="A_08_Test_C2CVoucherTransferInvalidMSISDNLength" time="0.001" classname="angular.testscripts.prereuisitesangular.PreRequisite_C2CVoucher_Revamp">
    <skipped/>
  </testcase> <!-- A_08_Test_C2CVoucherTransferInvalidMSISDNLength -->
  <testcase name="A_17_Test_C2CVoucherTransferBlankDenomination" time="0.000" classname="angular.testscripts.prereuisitesangular.PreRequisite_C2CVoucher_Revamp">
    <skipped/>
  </testcase> <!-- A_17_Test_C2CVoucherTransferBlankDenomination -->
  <testcase name="A_10_Test_C2CVoucherTransferBlankPaymentDate" time="0.001" classname="angular.testscripts.prereuisitesangular.PreRequisite_C2CVoucher_Revamp">
    <skipped/>
  </testcase> <!-- A_10_Test_C2CVoucherTransferBlankPaymentDate -->
  <testcase name="A_14_Test_C2CVoucherTransferInvalidToSerial" time="0.000" classname="angular.testscripts.prereuisitesangular.PreRequisite_C2CVoucher_Revamp">
    <skipped/>
  </testcase> <!-- A_14_Test_C2CVoucherTransferInvalidToSerial -->
  <testcase name="A_05_Test_C2CVoucherTransferBlankUserNameWithCategory" time="0.001" classname="angular.testscripts.prereuisitesangular.PreRequisite_C2CVoucher_Revamp">
    <skipped/>
  </testcase> <!-- A_05_Test_C2CVoucherTransferBlankUserNameWithCategory -->
  <testcase name="A_07_Test_C2CVoucherTransferResetFields" time="0.000" classname="angular.testscripts.prereuisitesangular.PreRequisite_C2CVoucher_Revamp">
    <skipped/>
  </testcase> <!-- A_07_Test_C2CVoucherTransferResetFields -->
  <testcase name="A_08_Test_C2CVoucherTransferInvalidMSISDNLength" time="0.001" classname="angular.testscripts.prereuisitesangular.PreRequisite_C2CVoucher_Revamp">
    <skipped/>
  </testcase> <!-- A_08_Test_C2CVoucherTransferInvalidMSISDNLength -->
  <testcase name="A_07_Test_C2CVoucherTransferResetFields" time="0.001" classname="angular.testscripts.prereuisitesangular.PreRequisite_C2CVoucher_Revamp">
    <skipped/>
  </testcase> <!-- A_07_Test_C2CVoucherTransferResetFields -->
  <testcase name="A_01_Test_C2CVoucherTransferandApproval" time="0.001" classname="angular.testscripts.prereuisitesangular.PreRequisite_C2CVoucher_Revamp">
    <skipped/>
  </testcase> <!-- A_01_Test_C2CVoucherTransferandApproval -->
  <testcase name="A_18_Test_C2CVoucherTransferBlankSegment" time="0.001" classname="angular.testscripts.prereuisitesangular.PreRequisite_C2CVoucher_Revamp">
    <skipped/>
  </testcase> <!-- A_18_Test_C2CVoucherTransferBlankSegment -->
  <testcase name="A_07_Test_C2CVoucherTransferResetFields" time="0.000" classname="angular.testscripts.prereuisitesangular.PreRequisite_C2CVoucher_Revamp">
    <skipped/>
  </testcase> <!-- A_07_Test_C2CVoucherTransferResetFields -->
  <testcase name="A_02_Test_C2CVoucherTransferBlankSearchBuyerName" time="0.001" classname="angular.testscripts.prereuisitesangular.PreRequisite_C2CVoucher_Revamp">
    <skipped/>
  </testcase> <!-- A_02_Test_C2CVoucherTransferBlankSearchBuyerName -->
  <testcase name="A_12_Test_C2CVoucherTransferBlankRemarks" time="0.001" classname="angular.testscripts.prereuisitesangular.PreRequisite_C2CVoucher_Revamp">
    <skipped/>
  </testcase> <!-- A_12_Test_C2CVoucherTransferBlankRemarks -->
  <testcase name="A_04_Test_C2CVoucherTransferBlankCategoryWithUserName" time="0.002" classname="angular.testscripts.prereuisitesangular.PreRequisite_C2CVoucher_Revamp">
    <skipped/>
  </testcase> <!-- A_04_Test_C2CVoucherTransferBlankCategoryWithUserName -->
  <testcase name="A_07_Test_C2CVoucherTransferResetFields" time="0.001" classname="angular.testscripts.prereuisitesangular.PreRequisite_C2CVoucher_Revamp">
    <skipped/>
  </testcase> <!-- A_07_Test_C2CVoucherTransferResetFields -->
  <testcase name="A_15_Test_C2CVoucherTransferInvalidFromSerial" time="0.000" classname="angular.testscripts.prereuisitesangular.PreRequisite_C2CVoucher_Revamp">
    <skipped/>
  </testcase> <!-- A_15_Test_C2CVoucherTransferInvalidFromSerial -->
  <testcase name="A_06_Test_C2CVoucherTransferBlankCategoryWithLoginID" time="0.001" classname="angular.testscripts.prereuisitesangular.PreRequisite_C2CVoucher_Revamp">
    <skipped/>
  </testcase> <!-- A_06_Test_C2CVoucherTransferBlankCategoryWithLoginID -->
  <testcase name="A_15_Test_C2CVoucherTransferInvalidFromSerial" time="0.001" classname="angular.testscripts.prereuisitesangular.PreRequisite_C2CVoucher_Revamp">
    <skipped/>
  </testcase> <!-- A_15_Test_C2CVoucherTransferInvalidFromSerial -->
  <testcase name="A_04_Test_C2CVoucherTransferBlankCategoryWithUserName" time="0.001" classname="angular.testscripts.prereuisitesangular.PreRequisite_C2CVoucher_Revamp">
    <skipped/>
  </testcase> <!-- A_04_Test_C2CVoucherTransferBlankCategoryWithUserName -->
  <testcase name="A_11_Test_C2CVoucherTransferBlankPaymentType" time="0.000" classname="angular.testscripts.prereuisitesangular.PreRequisite_C2CVoucher_Revamp">
    <skipped/>
  </testcase> <!-- A_11_Test_C2CVoucherTransferBlankPaymentType -->
  <testcase name="A_19_Test_C2CVoucherTransferBlankType" time="0.000" classname="angular.testscripts.prereuisitesangular.PreRequisite_C2CVoucher_Revamp">
    <skipped/>
  </testcase> <!-- A_19_Test_C2CVoucherTransferBlankType -->
</testsuite> <!-- angular.testscripts.prereuisitesangular.PreRequisite_C2CVoucher_Revamp -->
