<?xml version="1.0" encoding="UTF-8"?>
<!-- Generated by org.testng.reporters.JUnitReportReporter -->
<testsuite skipped="0" hostname="MCKL-20005142" name="com.testscripts.prerequisites.PreRequisite_P2PCardGroupCreation" tests="5" failures="0" timestamp="25 May 2022 08:58:35 GMT" time="487.843" errors="0">
  <testcase name="Test_P2PCardGroupCreation" time="87.008" classname="com.testscripts.prerequisites.PreRequisite_P2PCardGroupCreation"/>
  <testcase name="Test_P2PCardGroupCreation" time="93.015" classname="com.testscripts.prerequisites.PreRequisite_P2PCardGroupCreation"/>
  <testcase name="Test_P2PCardGroupCreation" time="111.201" classname="com.testscripts.prerequisites.PreRequisite_P2PCardGroupCreation"/>
  <testcase name="Test_P2PCardGroupCreation" time="104.832" classname="com.testscripts.prerequisites.PreRequisite_P2PCardGroupCreation"/>
  <testcase name="Test_P2PCardGroupCreation" time="91.787" classname="com.testscripts.prerequisites.PreRequisite_P2PCardGroupCreation"/>
</testsuite> <!-- com.testscripts.prerequisites.PreRequisite_P2PCardGroupCreation -->
