<?xml version="1.0" encoding="UTF-8"?>
<!-- Generated by org.testng.reporters.JUnitReportReporter -->
<testsuite skipped="7" hostname="MCKL-20005142" name="com.testscripts.prerequisites.PreRequisite_MultiCurrencyCreation" tests="7" failures="0" timestamp="25 May 2022 08:58:35 GMT" time="1.382" errors="0">
  <testcase name="Test_CreateMultiCurrency" time="0.171" classname="com.testscripts.prerequisites.PreRequisite_MultiCurrencyCreation">
    <skipped/>
  </testcase> <!-- Test_CreateMultiCurrency -->
  <testcase name="Test_MultiCurrencyWithInvalidConversionRates" time="0.174" classname="com.testscripts.prerequisites.PreRequisite_MultiCurrencyCreation">
    <skipped/>
  </testcase> <!-- Test_MultiCurrencyWithInvalidConversionRates -->
  <testcase name="Test_MultiCurrencyWithInvalidConversionRates" time="0.237" classname="com.testscripts.prerequisites.PreRequisite_MultiCurrencyCreation">
    <skipped/>
  </testcase> <!-- Test_MultiCurrencyWithInvalidConversionRates -->
  <testcase name="Test_MultiCurrencyWithInvalidConversionRates" time="0.181" classname="com.testscripts.prerequisites.PreRequisite_MultiCurrencyCreation">
    <skipped/>
  </testcase> <!-- Test_MultiCurrencyWithInvalidConversionRates -->
  <testcase name="Test_MultiCurrencyWithBlankData" time="0.237" classname="com.testscripts.prerequisites.PreRequisite_MultiCurrencyCreation">
    <skipped/>
  </testcase> <!-- Test_MultiCurrencyWithBlankData -->
  <testcase name="Test_MultiCurrencyRejection" time="0.188" classname="com.testscripts.prerequisites.PreRequisite_MultiCurrencyCreation">
    <skipped/>
  </testcase> <!-- Test_MultiCurrencyRejection -->
  <testcase name="Test_ValidationAtApprovals" time="0.194" classname="com.testscripts.prerequisites.PreRequisite_MultiCurrencyCreation">
    <skipped/>
  </testcase> <!-- Test_ValidationAtApprovals -->
</testsuite> <!-- com.testscripts.prerequisites.PreRequisite_MultiCurrencyCreation -->
