<?xml version="1.0" encoding="UTF-8"?>
<!-- Generated by org.testng.reporters.JUnitReportReporter -->
<testsuite hostname="MCKL-20005142" name="angular.testscripts.prereuisitesangular.ProfileManagement.Bulk_CategoryWise_DefaultProfile_TestScript" tests="1" failures="0" timestamp="10 Aug 2023 08:11:01 GMT" time="365.752" errors="0">
  <testcase name="A_01_Test_Bulk_CategoryWise_DefaultProfile_Modify" time="365.752" classname="angular.testscripts.prereuisitesangular.ProfileManagement.Bulk_CategoryWise_DefaultProfile_TestScript"/>
</testsuite> <!-- angular.testscripts.prereuisitesangular.ProfileManagement.Bulk_CategoryWise_DefaultProfile_TestScript -->
