<?xml version="1.0" encoding="UTF-8"?>
<!-- Generated by org.testng.reporters.JUnitReportReporter -->
<testsuite skipped="0" hostname="MCKL-20005142" name="com.testscripts.prerequisites.PreRequisite_NetworkStockCreation" tests="3" failures="0" timestamp="25 May 2022 08:58:35 GMT" time="56.732" errors="0">
  <testcase name="Test_NetworkStockCreation" time="18.379" classname="com.testscripts.prerequisites.PreRequisite_NetworkStockCreation"/>
  <testcase name="Test_NetworkStockCreation" time="19.628" classname="com.testscripts.prerequisites.PreRequisite_NetworkStockCreation"/>
  <testcase name="Test_NetworkStockCreation" time="18.725" classname="com.testscripts.prerequisites.PreRequisite_NetworkStockCreation"/>
</testsuite> <!-- com.testscripts.prerequisites.PreRequisite_NetworkStockCreation -->
