<?xml version="1.0" encoding="UTF-8"?>
<!-- Generated by org.testng.reporters.JUnitReportReporter -->
<testsuite skipped="18" hostname="MCKL-20005142" name="angular.testscripts.prereuisitesangular.PreRequisite_C2CBuy_Revamp" tests="19" failures="0" timestamp="25 Apr 2022 06:49:45 GMT" time="0.000" errors="1">
  <testcase name="A_13_Test_C2CBuyBlankPaymentModeOfMobileBuyerType" time="0.000" classname="angular.testscripts.prereuisitesangular.PreRequisite_C2CBuy_Revamp">
    <skipped/>
  </testcase> <!-- A_13_Test_C2CBuyBlankPaymentModeOfMobileBuyerType -->
  <testcase name="B_03_Test_C2CBuyMobileBuyerType_RejectInApproval" time="0.000" classname="angular.testscripts.prereuisitesangular.PreRequisite_C2CBuy_Revamp">
    <skipped/>
  </testcase> <!-- B_03_Test_C2CBuyMobileBuyerType_RejectInApproval -->
  <testcase name="A_09_Test_C2CBuyBlankCategoryOfLoginIDBuyerType" time="0.000" classname="angular.testscripts.prereuisitesangular.PreRequisite_C2CBuy_Revamp">
    <skipped/>
  </testcase> <!-- A_09_Test_C2CBuyBlankCategoryOfLoginIDBuyerType -->
  <testcase name="A_05_Test_C2CBuyBlankMSISDNForMobileBuyerType" time="0.000" classname="angular.testscripts.prereuisitesangular.PreRequisite_C2CBuy_Revamp">
    <skipped/>
  </testcase> <!-- A_05_Test_C2CBuyBlankMSISDNForMobileBuyerType -->
  <testcase name="A_08_Test_C2CBuyBlankUsernameOfUserNameBuyerType" time="0.000" classname="angular.testscripts.prereuisitesangular.PreRequisite_C2CBuy_Revamp">
    <skipped/>
  </testcase> <!-- A_08_Test_C2CBuyBlankUsernameOfUserNameBuyerType -->
  <testcase name="A_12_Test_C2CBuyBlankRemarksOfMobileBuyerType" time="0.000" classname="angular.testscripts.prereuisitesangular.PreRequisite_C2CBuy_Revamp">
    <skipped/>
  </testcase> <!-- A_12_Test_C2CBuyBlankRemarksOfMobileBuyerType -->
  <testcase name="B_02_Test_C2CBuyMobileBuyerType_InvalidRefNoInApproval" time="0.000" classname="angular.testscripts.prereuisitesangular.PreRequisite_C2CBuy_Revamp">
    <skipped/>
  </testcase> <!-- B_02_Test_C2CBuyMobileBuyerType_InvalidRefNoInApproval -->
  <testcase name="A_10_Test_C2CBuyBlankLoginidOfLoginIDBuyerType" time="0.000" classname="angular.testscripts.prereuisitesangular.PreRequisite_C2CBuy_Revamp">
    <skipped/>
  </testcase> <!-- A_10_Test_C2CBuyBlankLoginidOfLoginIDBuyerType -->
  <testcase name="A_07_Test_C2CBuyBlankCategoryOfUserNameBuyerType" time="0.000" classname="angular.testscripts.prereuisitesangular.PreRequisite_C2CBuy_Revamp">
    <skipped/>
  </testcase> <!-- A_07_Test_C2CBuyBlankCategoryOfUserNameBuyerType -->
  <testcase name="A_06_Test_C2CBuyBlankTopupsForMobileBuyerType" time="0.000" classname="angular.testscripts.prereuisitesangular.PreRequisite_C2CBuy_Revamp">
    <skipped/>
  </testcase> <!-- A_06_Test_C2CBuyBlankTopupsForMobileBuyerType -->
  <testcase name="A_01_Test_C2CBuyMobileBuyerType" time="0.000" classname="angular.testscripts.prereuisitesangular.PreRequisite_C2CBuy_Revamp">
    <skipped/>
  </testcase> <!-- A_01_Test_C2CBuyMobileBuyerType -->
  <testcase name="A_02_Test_C2CBuyLoginBuyerType" time="0.000" classname="angular.testscripts.prereuisitesangular.PreRequisite_C2CBuy_Revamp">
    <skipped/>
  </testcase> <!-- A_02_Test_C2CBuyLoginBuyerType -->
  <testcase name="A_11_Test_C2CBuyNegativeAmountOfMobileBuyerType" time="0.000" classname="angular.testscripts.prereuisitesangular.PreRequisite_C2CBuy_Revamp">
    <skipped/>
  </testcase> <!-- A_11_Test_C2CBuyNegativeAmountOfMobileBuyerType -->
  <testcase name="A_04_Test_C2CBuyBlankBuyerType" time="0.000" classname="angular.testscripts.prereuisitesangular.PreRequisite_C2CBuy_Revamp">
    <skipped/>
  </testcase> <!-- A_04_Test_C2CBuyBlankBuyerType -->
  <testcase name="A_03_Test_C2CBuyUsernameBuyerType" time="0.000" classname="angular.testscripts.prereuisitesangular.PreRequisite_C2CBuy_Revamp">
    <skipped/>
  </testcase> <!-- A_03_Test_C2CBuyUsernameBuyerType -->
  <testcase name="A_14_Test_C2CBuyInvalidPinOfMobileBuyerType" time="0.000" classname="angular.testscripts.prereuisitesangular.PreRequisite_C2CBuy_Revamp">
    <skipped/>
  </testcase> <!-- A_14_Test_C2CBuyInvalidPinOfMobileBuyerType -->
  <testcase name="tearDown" time="0.000" classname="angular.testscripts.prereuisitesangular.PreRequisite_C2CBuy_Revamp">
    <error type="java.lang.NullPointerException">
      <![CDATA[java.lang.NullPointerException
at com.classes.BaseTest.tearDown(BaseTest.java:118)
at sun.reflect.NativeMethodAccessorImpl.invoke0(Native Method)
at sun.reflect.NativeMethodAccessorImpl.invoke(Unknown Source)
at sun.reflect.DelegatingMethodAccessorImpl.invoke(Unknown Source)
at java.lang.reflect.Method.invoke(Unknown Source)
at org.testng.internal.MethodInvocationHelper.invokeMethod(MethodInvocationHelper.java:124)
at org.testng.internal.MethodInvocationHelper.invokeMethodConsideringTimeout(MethodInvocationHelper.java:59)
at org.testng.internal.Invoker.invokeConfigurationMethod(Invoker.java:455)
at org.testng.internal.Invoker.invokeConfigurations(Invoker.java:222)
at org.testng.internal.Invoker.invokeConfigurations(Invoker.java:142)
at org.testng.SuiteRunner.privateRun(SuiteRunner.java:425)
at org.testng.SuiteRunner.run(SuiteRunner.java:364)
at org.testng.SuiteRunnerWorker.runSuite(SuiteRunnerWorker.java:52)
at org.testng.SuiteRunnerWorker.run(SuiteRunnerWorker.java:84)
at org.testng.TestNG.runSuitesSequentially(TestNG.java:1208)
at org.testng.TestNG.runSuitesLocally(TestNG.java:1137)
at org.testng.TestNG.runSuites(TestNG.java:1049)
at org.testng.TestNG.run(TestNG.java:1017)
at org.testng.remote.AbstractRemoteTestNG.run(AbstractRemoteTestNG.java:115)
at org.testng.remote.RemoteTestNG.initAndRun(RemoteTestNG.java:251)
at org.testng.remote.RemoteTestNG.main(RemoteTestNG.java:77)
]]>
    </error>
  </testcase> <!-- tearDown -->
  <testcase name="A_16_Test_C2CTransferInvalidRefNotOfMobileBuyerType" time="0.000" classname="angular.testscripts.prereuisitesangular.PreRequisite_C2CBuy_Revamp">
    <skipped/>
  </testcase> <!-- A_16_Test_C2CTransferInvalidRefNotOfMobileBuyerType -->
  <testcase name="A_15_Test_C2CBuyBlankAmountOfMobileBuyerType" time="0.000" classname="angular.testscripts.prereuisitesangular.PreRequisite_C2CBuy_Revamp">
    <skipped/>
  </testcase> <!-- A_15_Test_C2CBuyBlankAmountOfMobileBuyerType -->
</testsuite> <!-- angular.testscripts.prereuisitesangular.PreRequisite_C2CBuy_Revamp -->
