<?xml version="1.0" encoding="UTF-8"?>
<!-- Generated by org.testng.reporters.JUnitReportReporter -->
<testsuite skipped="0" hostname="MCKL-20005142" name="com.testscripts.prerequisites.PreRequisite_GroupRoleManagement" tests="5" failures="0" timestamp="25 May 2022 08:58:35 GMT" time="66.978" errors="0">
  <testcase name="Test_GroupRoleCreation" time="12.229" classname="com.testscripts.prerequisites.PreRequisite_GroupRoleManagement"/>
  <testcase name="Test_GroupRoleCreation" time="12.637" classname="com.testscripts.prerequisites.PreRequisite_GroupRoleManagement"/>
  <testcase name="Test_GroupRoleCreation" time="14.139" classname="com.testscripts.prerequisites.PreRequisite_GroupRoleManagement"/>
  <testcase name="Test_GroupRoleCreation" time="14.506" classname="com.testscripts.prerequisites.PreRequisite_GroupRoleManagement"/>
  <testcase name="Test_GroupRoleCreation" time="13.467" classname="com.testscripts.prerequisites.PreRequisite_GroupRoleManagement"/>
</testsuite> <!-- com.testscripts.prerequisites.PreRequisite_GroupRoleManagement -->
