<?xml version="1.0" encoding="UTF-8"?>
<!-- Generated by org.testng.reporters.JUnitReportReporter -->
<testsuite skipped="0" hostname="MCKL-20005142" name="com.testscripts.prerequisites.PreRequisite_C2SCardGroupCreation" tests="13" failures="0" timestamp="25 May 2022 08:58:35 GMT" time="1218.515" errors="0">
  <testcase name="Test_C2SCardGroupGroupCreation" time="89.913" classname="com.testscripts.prerequisites.PreRequisite_C2SCardGroupCreation"/>
  <testcase name="Test_C2SCardGroupGroupCreation" time="94.122" classname="com.testscripts.prerequisites.PreRequisite_C2SCardGroupCreation"/>
  <testcase name="Test_C2SCardGroupGroupCreation" time="91.903" classname="com.testscripts.prerequisites.PreRequisite_C2SCardGroupCreation"/>
  <testcase name="Test_C2SCardGroupGroupCreation" time="86.620" classname="com.testscripts.prerequisites.PreRequisite_C2SCardGroupCreation"/>
  <testcase name="Test_C2SCardGroupGroupCreation" time="99.906" classname="com.testscripts.prerequisites.PreRequisite_C2SCardGroupCreation"/>
  <testcase name="Test_C2SCardGroupGroupCreation" time="94.422" classname="com.testscripts.prerequisites.PreRequisite_C2SCardGroupCreation"/>
  <testcase name="Test_C2SCardGroupGroupCreation" time="101.195" classname="com.testscripts.prerequisites.PreRequisite_C2SCardGroupCreation"/>
  <testcase name="Test_C2SCardGroupGroupCreation" time="97.127" classname="com.testscripts.prerequisites.PreRequisite_C2SCardGroupCreation"/>
  <testcase name="Test_C2SCardGroupGroupCreation" time="97.242" classname="com.testscripts.prerequisites.PreRequisite_C2SCardGroupCreation"/>
  <testcase name="Test_C2SCardGroupGroupCreation" time="95.804" classname="com.testscripts.prerequisites.PreRequisite_C2SCardGroupCreation"/>
  <testcase name="Test_C2SCardGroupGroupCreation" time="89.243" classname="com.testscripts.prerequisites.PreRequisite_C2SCardGroupCreation"/>
  <testcase name="Test_C2SCardGroupGroupCreation" time="94.579" classname="com.testscripts.prerequisites.PreRequisite_C2SCardGroupCreation"/>
  <testcase name="Test_C2SCardGroupGroupCreation" time="86.439" classname="com.testscripts.prerequisites.PreRequisite_C2SCardGroupCreation"/>
</testsuite> <!-- com.testscripts.prerequisites.PreRequisite_C2SCardGroupCreation -->
