<?xml version="1.0" encoding="UTF-8"?>
<!-- Generated by org.testng.reporters.JUnitReportReporter -->
<testsuite skipped="0" hostname="MCKL-20005142" name="com.testscripts.prerequisites.PreRequisite_NetworkAdminCreation" tests="1" failures="0" timestamp="25 May 2022 08:58:35 GMT" time="79.858" errors="0">
  <testcase name="Test_CreateNetworkAdmin" time="79.858" classname="com.testscripts.prerequisites.PreRequisite_NetworkAdminCreation"/>
</testsuite> <!-- com.testscripts.prerequisites.PreRequisite_NetworkAdminCreation -->
