<?xml version="1.0" encoding="UTF-8"?>
<!-- Generated by org.testng.reporters.JUnitReportReporter -->
<testsuite skipped="0" hostname="MCKL-20005142" name="com.testscripts.prerequisites.PreRequisite_OperatorUserCreation" tests="10" failures="0" timestamp="25 May 2022 08:58:35 GMT" time="785.110" errors="0">
  <testcase name="Test_CreateOperatorUsers" time="68.559" classname="com.testscripts.prerequisites.PreRequisite_OperatorUserCreation"/>
  <testcase name="Test_CreateOperatorUsers" time="91.103" classname="com.testscripts.prerequisites.PreRequisite_OperatorUserCreation"/>
  <testcase name="Test_CreateOperatorUsers" time="76.380" classname="com.testscripts.prerequisites.PreRequisite_OperatorUserCreation"/>
  <testcase name="Test_CreateOperatorUsers" time="96.013" classname="com.testscripts.prerequisites.PreRequisite_OperatorUserCreation"/>
  <testcase name="Test_CreateOperatorUsers" time="76.870" classname="com.testscripts.prerequisites.PreRequisite_OperatorUserCreation"/>
  <testcase name="Test_CreateOperatorUsers" time="91.571" classname="com.testscripts.prerequisites.PreRequisite_OperatorUserCreation"/>
  <testcase name="Test_CreateOperatorUsers" time="74.591" classname="com.testscripts.prerequisites.PreRequisite_OperatorUserCreation"/>
  <testcase name="Test_CreateOperatorUsers" time="64.239" classname="com.testscripts.prerequisites.PreRequisite_OperatorUserCreation"/>
  <testcase name="Test_CreateOperatorUsers" time="78.289" classname="com.testscripts.prerequisites.PreRequisite_OperatorUserCreation"/>
  <testcase name="Test_CreateOperatorUsers" time="67.495" classname="com.testscripts.prerequisites.PreRequisite_OperatorUserCreation"/>
</testsuite> <!-- com.testscripts.prerequisites.PreRequisite_OperatorUserCreation -->
