<?xml version="1.0" encoding="UTF-8"?>
<!-- Generated by org.testng.reporters.JUnitReportReporter -->
<testsuite skipped="5" hostname="MCKL-20005142" name="com.testscripts.prerequisites.PreRequisite_GradeCreation" tests="5" failures="0" timestamp="25 May 2022 08:58:35 GMT" time="1.820" errors="0">
  <testcase name="Test_CreateGrades" time="0.404" classname="com.testscripts.prerequisites.PreRequisite_GradeCreation">
    <skipped/>
  </testcase> <!-- Test_CreateGrades -->
  <testcase name="Test_CreateGrades" time="0.401" classname="com.testscripts.prerequisites.PreRequisite_GradeCreation">
    <skipped/>
  </testcase> <!-- Test_CreateGrades -->
  <testcase name="Test_CreateGrades" time="0.372" classname="com.testscripts.prerequisites.PreRequisite_GradeCreation">
    <skipped/>
  </testcase> <!-- Test_CreateGrades -->
  <testcase name="Test_CreateGrades" time="0.311" classname="com.testscripts.prerequisites.PreRequisite_GradeCreation">
    <skipped/>
  </testcase> <!-- Test_CreateGrades -->
  <testcase name="Test_CreateGrades" time="0.332" classname="com.testscripts.prerequisites.PreRequisite_GradeCreation">
    <skipped/>
  </testcase> <!-- Test_CreateGrades -->
</testsuite> <!-- com.testscripts.prerequisites.PreRequisite_GradeCreation -->
